[2020-03-14 15:41:56][ERROR] Error telegram bot token:  org.telegram.telegrambots.meta.exceptions.TelegramApiRequestException: Error removing old webhook
[2020-03-14 15:43:12][INFO] BOT WORKING
[2020-03-14 15:58:33][INFO] BOT WORKING
[2020-03-14 16:01:08][ERROR] Error telegram bot token:  org.telegram.telegrambots.meta.exceptions.TelegramApiRequestException: Error removing old webhook
[2020-03-14 16:03:11][ERROR] Error telegram bot token:  org.telegram.telegrambots.meta.exceptions.TelegramApiRequestException: Error removing old webhook
[2020-03-14 16:04:12][INFO] BOT WORKING
[2020-03-14 16:04:20][INFO] Posted /start message
[2020-03-14 16:06:32][INFO] BOT WORKING
[2020-03-14 16:06:37][INFO] Posted /start message
[2020-03-14 16:09:26][INFO] BOT WORKING
[2020-03-14 16:09:39][INFO] Posted /start message
[2020-03-14 16:20:43][INFO] BOT WORKING
[2020-03-14 16:20:46][INFO] Posted /start message
[2020-03-14 16:21:14][INFO] Nachalo registracii
[2020-03-15 00:59:10][INFO] BOT WORKING
[2020-03-15 00:59:13][INFO] Nachalo registracii
[2020-03-15 00:59:13][INFO] Polucheno imya
[2020-03-15 01:02:39][INFO] BOT WORKING
[2020-03-15 01:02:41][INFO] Nachalo registracii
[2020-03-15 01:02:41][INFO] Polucheno imya
[2020-03-15 04:17:19][INFO] BOT WORKING
[2020-03-15 04:17:22][INFO] Nachalo registracii
[2020-03-15 04:17:22][INFO] Polucheno imya
[2020-03-15 04:18:26][INFO] BOT WORKING
[2020-03-15 04:18:30][INFO] Nachalo registracii
[2020-03-15 04:18:30][INFO] Polucheno imya
[2020-03-15 04:19:38][INFO] BOT WORKING
[2020-03-15 04:19:45][INFO] Nachalo registracii
[2020-03-15 04:19:45][INFO] Polucheno imya
[2020-03-15 04:25:12][INFO] BOT WORKING
[2020-03-15 04:25:18][INFO] Nachalo registracii
[2020-03-15 04:25:18][INFO] Polucheno imya
[2020-03-15 04:30:23][INFO] BOT WORKING
[2020-03-15 04:30:27][INFO] Nachalo registracii
[2020-03-15 04:46:39][INFO] BOT WORKING
[2020-03-15 04:46:42][INFO] Nachalo registracii
[2020-03-15 13:22:04][INFO] BOT WORKING
[2020-03-15 13:22:42][INFO] Nachalo registracii
[2020-03-15 13:22:42][INFO] Polucheno imya
[2020-03-15 13:24:08][INFO] BOT WORKING
[2020-03-15 13:24:24][INFO] Nachalo registracii
[2020-03-15 13:24:24][INFO] Polucheno imya
[2020-03-15 13:25:18][INFO] BOT WORKING
[2020-03-15 13:25:28][INFO] Nachalo registracii
[2020-03-15 13:25:30][INFO] Polucheno imya
[2020-03-15 13:28:32][INFO] BOT WORKING
[2020-03-15 13:28:35][INFO] Nachalo registracii
[2020-03-15 13:28:36][INFO] Polucheno imya
[2020-03-15 13:33:59][INFO] BOT WORKING
[2020-03-15 13:34:02][INFO] Nachalo registracii
[2020-03-15 13:34:02][INFO] Polucheno imya
[2020-03-15 13:34:39][INFO] BOT WORKING
[2020-03-15 13:34:48][INFO] Nachalo registracii
[2020-03-15 13:34:48][INFO] Polucheno imya
[2020-03-15 13:36:33][INFO] BOT WORKING
[2020-03-15 13:37:06][INFO] BOT WORKING
[2020-03-15 13:37:08][INFO] Nachalo registracii
[2020-03-15 13:38:16][INFO] BOT WORKING
[2020-03-15 13:38:24][INFO] Nachalo registracii
[2020-03-15 13:40:48][INFO] BOT WORKING
[2020-03-15 13:40:57][INFO] Nachalo registracii
[2020-03-15 17:46:11][ERROR] Error telegram bot token:  org.telegram.telegrambots.meta.exceptions.TelegramApiRequestException: Error removing old webhook
[2020-03-15 17:51:55][INFO] BOT WORKING
[2020-03-15 17:51:58][INFO] Nachalo registracii
[2020-03-15 17:51:58][INFO] Posted /start message
[2020-03-15 17:51:58][INFO] Posted /start message
[2020-03-15 17:52:07][INFO] Nachalo registracii
[2020-03-15 17:55:44][INFO] BOT WORKING
[2020-03-15 17:55:48][INFO] Nachalo registracii
[2020-03-15 17:58:49][INFO] BOT WORKING
[2020-03-15 17:58:52][INFO] Nachalo registracii
[2020-03-15 18:40:47][INFO] BOT WORKING
[2020-03-15 18:41:01][INFO] Nachalo registracii
[2020-03-15 18:41:29][INFO] BOT WORKING
[2020-03-15 18:49:10][INFO] BOT WORKING
[2020-03-15 18:49:15][INFO] Nachalo registracii
[2020-03-15 18:50:02][INFO] BOT WORKING
[2020-03-15 18:50:09][INFO] Nachalo registracii
[2020-03-15 18:51:38][INFO] BOT WORKING
[2020-03-15 18:51:43][INFO] Nachalo registracii
[2020-03-15 18:52:44][INFO] BOT WORKING
[2020-03-15 18:52:47][INFO] Nachalo registracii
[2020-03-15 19:01:29][INFO] BOT WORKING
[2020-03-15 19:01:38][INFO] Nachalo registracii
[2020-03-15 19:02:16][INFO] BOT WORKING
[2020-03-15 19:02:32][INFO] Nachalo registracii
[2020-03-15 19:02:33][INFO] Polucheno imya
[2020-03-15 19:03:53][INFO] BOT WORKING
[2020-03-15 19:04:02][INFO] Nachalo registracii
[2020-03-15 19:04:02][INFO] Polucheno imya
[2020-03-15 19:04:54][INFO] BOT WORKING
[2020-03-15 19:05:00][INFO] Nachalo registracii
[2020-03-15 19:05:00][INFO] Polucheno imya
[2020-03-15 19:09:27][INFO] BOT WORKING
[2020-03-15 19:09:31][INFO] Nachalo registracii
[2020-03-15 19:10:26][INFO] BOT WORKING
[2020-03-15 19:10:38][INFO] Nachalo registracii
[2020-03-15 19:10:38][INFO] Polucheno imya
[2020-03-15 19:14:17][INFO] BOT WORKING
[2020-03-15 19:14:27][INFO] Nachalo registracii
[2020-03-15 19:14:29][INFO] Polucheno imya
[2020-03-15 19:14:40][INFO] Nachalo registracii
[2020-03-15 19:14:41][INFO] Polucheno imya
[2020-03-15 20:01:40][INFO] BOT WORKING
[2020-03-15 20:01:44][INFO] Nachalo registracii
[2020-03-15 20:01:50][INFO] Polucheno imya
[2020-03-15 20:06:21][INFO] BOT WORKING
[2020-03-15 20:06:24][INFO] Nachalo registracii
[2020-03-15 20:06:28][INFO] Polucheno imya
[2020-03-15 20:09:07][INFO] BOT WORKING
[2020-03-15 20:09:12][INFO] Nachalo registracii
[2020-03-15 20:09:16][INFO] Polucheno imya
[2020-03-15 20:10:17][INFO] BOT WORKING
[2020-03-15 20:10:20][INFO] Nachalo registracii
[2020-03-15 20:10:27][INFO] Polucheno imya
[2020-03-16 02:55:39][INFO] I/O exception (java.net.SocketException) caught when processing request to {s}->https://api.telegram.org:443: Connection refused: connect
[2020-03-16 02:55:40][INFO] Retrying request to {s}->https://api.telegram.org:443
[2020-03-16 02:55:41][INFO] I/O exception (java.net.SocketException) caught when processing request to {s}->https://api.telegram.org:443: Connection refused: connect
[2020-03-16 02:55:41][INFO] Retrying request to {s}->https://api.telegram.org:443
[2020-03-16 02:55:42][INFO] I/O exception (java.net.SocketException) caught when processing request to {s}->https://api.telegram.org:443: Connection refused: connect
[2020-03-16 02:55:42][INFO] Retrying request to {s}->https://api.telegram.org:443
[2020-03-16 02:55:43][ERROR] Error telegram bot token:  org.telegram.telegrambots.meta.exceptions.TelegramApiRequestException: Error removing old webhook
[2020-03-16 03:08:54][INFO] BOT WORKING
[2020-03-16 03:10:18][INFO] Nachalo registracii
[2020-03-16 03:10:18][INFO] Polucheno imya
[2020-03-16 03:14:26][INFO] BOT WORKING
[2020-03-16 03:14:27][INFO] Nachalo registracii
[2020-03-16 03:14:27][INFO] Polucheno imya
[2020-03-16 03:15:33][INFO] BOT WORKING
[2020-03-16 03:15:34][INFO] Nachalo registracii
[2020-03-16 03:15:34][INFO] Polucheno imya
[2020-03-16 03:16:28][INFO] BOT WORKING
[2020-03-16 03:16:30][INFO] Nachalo registracii
[2020-03-16 03:16:30][INFO] Polucheno imya
[2020-03-16 04:17:22][INFO] I/O exception (java.net.SocketException) caught when processing request to {s}->https://api.telegram.org:443: Connection refused: connect
[2020-03-16 04:17:23][INFO] Retrying request to {s}->https://api.telegram.org:443
[2020-03-16 04:17:24][INFO] I/O exception (java.net.SocketException) caught when processing request to {s}->https://api.telegram.org:443: Connection refused: connect
[2020-03-16 04:17:24][INFO] Retrying request to {s}->https://api.telegram.org:443
[2020-03-16 04:17:25][INFO] I/O exception (java.net.SocketException) caught when processing request to {s}->https://api.telegram.org:443: Connection refused: connect
[2020-03-16 04:17:25][INFO] Retrying request to {s}->https://api.telegram.org:443
[2020-03-16 04:17:26][ERROR] Error telegram bot token:  org.telegram.telegrambots.meta.exceptions.TelegramApiRequestException: Error removing old webhook
[2020-03-16 04:19:22][INFO] BOT WORKING
[2020-03-16 04:19:23][INFO] Nachalo registracii
[2020-03-16 04:23:45][INFO] BOT WORKING
[2020-03-16 04:23:49][INFO] Nachalo registracii
[2020-03-16 10:46:59][INFO] BOT WORKING
[2020-03-16 10:47:00][INFO] Nachalo registracii
[2020-03-16 10:47:09][INFO] Posted RuWrongFormatMsg message
[2020-03-16 10:52:12][INFO] BOT WORKING
[2020-03-16 10:52:24][INFO] Posted /start message
[2020-03-16 10:52:30][INFO] Nachalo registracii
[2020-03-16 10:52:36][INFO] Polucheno imya
[2020-03-16 11:09:11][INFO] BOT WORKING
[2020-03-16 11:09:14][INFO] Nachalo registracii
[2020-03-16 11:09:19][INFO] Polucheno imya
[2020-03-16 11:09:20][INFO] Poluchen vozrast
[2020-03-16 11:27:24][INFO] BOT WORKING
[2020-03-16 11:27:29][INFO] Posted /start message
[2020-03-16 11:27:32][INFO] Nachalo registracii
[2020-03-16 11:27:37][INFO] Polucheno imya
[2020-03-16 11:27:38][INFO] Poluchen vozrast
[2020-03-16 11:27:38][INFO] Poluchen gorod
[2020-03-16 11:27:39][INFO] Poluchen zodiak/ Registracia okonchena
